# JRE version: OpenJDK Runtime Environment (11.0.13) (build 11.0.13+0-b1751.21-8125866)
# Java VM: OpenJDK 64-Bit Server VM (11.0.13+0-b1751.21-8125866, mixed mode, tiered, compressed oops, g1 gc, windows-amd64)
Heap:
 garbage-first heap   total 262144K, used 98501K [0x0000000080000000, 0x0000000100000000)
  region size 1024K, 7 young (7168K), 3 survivors (3072K)
 Metaspace       used 117529K, capacity 121292K, committed 121480K, reserved 1155072K
  class space    used 15026K, capacity 16507K, committed 16512K, reserved 1048576K
GC Heap History (20 events):
Event: 5.256 GC heap before
{Heap before GC invocations=11 (full 0):
 garbage-first heap   total 262144K, used 190030K [0x0000000080000000, 0x0000000100000000)
  region size 1024K, 153 young (156672K), 20 survivors (20480K)
 Metaspace       used 81197K, capacity 83273K, committed 83464K, reserved 1122304K
  class space    used 10676K, capacity 11488K, committed 11520K, reserved 1048576K
}
Event: 5.266 GC heap after
{Heap after GC invocations=12 (full 0):
 garbage-first heap   total 262144K, used 64773K [0x0000000080000000, 0x0000000100000000)
  region size 1024K, 20 young (20480K), 20 survivors (20480K)
 Metaspace       used 81197K, capacity 83273K, committed 83464K, reserved 1122304K
  class space    used 10676K, capacity 11488K, committed 11520K, reserved 1048576K
}
Event: 5.684 GC heap before
{Heap before GC invocations=12 (full 0):
 garbage-first heap   total 262144K, used 199941K [0x0000000080000000, 0x0000000100000000)
  region size 1024K, 153 young (156672K), 20 survivors (20480K)
 Metaspace       used 83300K, capacity 85727K, committed 85896K, reserved 1124352K
  class space    used 10934K, capacity 11857K, committed 11904K, reserved 1048576K
}
Event: 5.694 GC heap after
{Heap after GC invocations=13 (full 0):
 garbage-first heap   total 262144K, used 74752K [0x0000000080000000, 0x0000000100000000)
  region size 1024K, 19 young (19456K), 19 survivors (19456K)
 Metaspace       used 83300K, capacity 85727K, committed 85896K, reserved 1124352K
  class space    used 10934K, capacity 11857K, committed 11904K, reserved 1048576K
}
Event: 6.525 GC heap before
{Heap before GC invocations=13 (full 0):
 garbage-first heap   total 262144K, used 209920K [0x0000000080000000, 0x0000000100000000)
  region size 1024K, 150 young (153600K), 19 survivors (19456K)
 Metaspace       used 92859K, capacity 95636K, committed 95880K, reserved 1132544K
  class space    used 12097K, capacity 13175K, committed 13184K, reserved 1048576K
}
Event: 6.535 GC heap after
{Heap after GC invocations=14 (full 0):
 garbage-first heap   total 262144K, used 83993K [0x0000000080000000, 0x0000000100000000)
  region size 1024K, 18 young (18432K), 18 survivors (18432K)
 Metaspace       used 92859K, capacity 95636K, committed 95880K, reserved 1132544K
  class space    used 12097K, capacity 13175K, committed 13184K, reserved 1048576K
}
Event: 6.821 GC heap before
{Heap before GC invocations=14 (full 0):
 garbage-first heap   total 262144K, used 158745K [0x0000000080000000, 0x0000000100000000)
  region size 1024K, 93 young (95232K), 18 survivors (18432K)
 Metaspace       used 97808K, capacity 100870K, committed 100920K, reserved 1136640K
  class space    used 12810K, capacity 13952K, committed 13952K, reserved 1048576K
}
Event: 6.829 GC heap after
{Heap after GC invocations=15 (full 0):
 garbage-first heap   total 262144K, used 85981K [0x0000000080000000, 0x0000000100000000)
  region size 1024K, 12 young (12288K), 12 survivors (12288K)
 Metaspace       used 97808K, capacity 100870K, committed 100920K, reserved 1136640K
  class space    used 12810K, capacity 13952K, committed 13952K, reserved 1048576K
}
Event: 7.735 GC heap before
{Heap before GC invocations=16 (full 0):
 garbage-first heap   total 262144K, used 227293K [0x0000000080000000, 0x0000000100000000)
  region size 1024K, 136 young (139264K), 12 survivors (12288K)
 Metaspace       used 111704K, capacity 115448K, committed 115592K, reserved 1148928K
  class space    used 14945K, capacity 16432K, committed 16512K, reserved 1048576K
}
Event: 7.742 GC heap after
{Heap after GC invocations=17 (full 0):
 garbage-first heap   total 262144K, used 91546K [0x0000000080000000, 0x0000000100000000)
  region size 1024K, 11 young (11264K), 11 survivors (11264K)
 Metaspace       used 111704K, capacity 115448K, committed 115592K, reserved 1148928K
  class space    used 14945K, capacity 16432K, committed 16512K, reserved 1048576K
}
Event: 486.231 GC heap before
{Heap before GC invocations=18 (full 0):
 garbage-first heap   total 262144K, used 215450K [0x0000000080000000, 0x0000000100000000)
  region size 1024K, 131 young (134144K), 11 survivors (11264K)
 Metaspace       used 112887K, capacity 116429K, committed 117128K, reserved 1150976K
  class space    used 14862K, capacity 16237K, committed 16512K, reserved 1048576K
}
Event: 486.239 GC heap after
{Heap after GC invocations=19 (full 0):
 garbage-first heap   total 262144K, used 101229K [0x0000000080000000, 0x0000000100000000)
  region size 1024K, 14 young (14336K), 14 survivors (14336K)
 Metaspace       used 112887K, capacity 116429K, committed 117128K, reserved 1150976K
  class space    used 14862K, capacity 16237K, committed 16512K, reserved 1048576K
}
Event: 486.732 GC heap before
{Heap before GC invocations=19 (full 0):
 garbage-first heap   total 262144K, used 231277K [0x0000000080000000, 0x0000000100000000)
  region size 1024K, 124 young (126976K), 14 survivors (14336K)
 Metaspace       used 114290K, capacity 117887K, committed 118152K, reserved 1150976K
  class space    used 14923K, capacity 16341K, committed 16512K, reserved 1048576K
}
Event: 486.737 GC heap after
{Heap after GC invocations=20 (full 0):
 garbage-first heap   total 262144K, used 99760K [0x0000000080000000, 0x0000000100000000)
  region size 1024K, 9 young (9216K), 9 survivors (9216K)
 Metaspace       used 114290K, capacity 117887K, committed 118152K, reserved 1150976K
  class space    used 14923K, capacity 16341K, committed 16512K, reserved 1048576K
}
Event: 531.939 GC heap before
{Heap before GC invocations=20 (full 0):
 garbage-first heap   total 262144K, used 221616K [0x0000000080000000, 0x0000000100000000)
  region size 1024K, 125 young (128000K), 9 survivors (9216K)
 Metaspace       used 115122K, capacity 118717K, committed 118920K, reserved 1153024K
  class space    used 14957K, capacity 16399K, committed 16512K, reserved 1048576K
}
Event: 531.945 GC heap after
{Heap after GC invocations=21 (full 0):
 garbage-first heap   total 262144K, used 104849K [0x0000000080000000, 0x0000000100000000)
  region size 1024K, 12 young (12288K), 12 survivors (12288K)
 Metaspace       used 115122K, capacity 118717K, committed 118920K, reserved 1153024K
  class space    used 14957K, capacity 16399K, committed 16512K, reserved 1048576K
}
Event: 625.268 GC heap before
{Heap before GC invocations=21 (full 0):
 garbage-first heap   total 262144K, used 229777K [0x0000000080000000, 0x0000000100000000)
  region size 1024K, 119 young (121856K), 12 survivors (12288K)
 Metaspace       used 116223K, capacity 119913K, committed 120200K, reserved 1153024K
  class space    used 14961K, capacity 16405K, committed 16512K, reserved 1048576K
}
Event: 625.270 GC heap after
{Heap after GC invocations=22 (full 0):
 garbage-first heap   total 262144K, used 95563K [0x0000000080000000, 0x0000000100000000)
  region size 1024K, 3 young (3072K), 3 survivors (3072K)
 Metaspace       used 116223K, capacity 119913K, committed 120200K, reserved 1153024K
  class space    used 14961K, capacity 16405K, committed 16512K, reserved 1048576K
}
Event: 668.612 GC heap before
{Heap before GC invocations=22 (full 0):
 garbage-first heap   total 262144K, used 233803K [0x0000000080000000, 0x0000000100000000)
  region size 1024K, 122 young (124928K), 3 survivors (3072K)
 Metaspace       used 116877K, capacity 120706K, committed 120968K, reserved 1155072K
  class space    used 14998K, capacity 16475K, committed 16512K, reserved 1048576K
}
Event: 668.613 GC heap after
{Heap after GC invocations=23 (full 0):
 garbage-first heap   total 262144K, used 98129K [0x0000000080000000, 0x0000000100000000)
  region size 1024K, 4 young (4096K), 4 survivors (4096K)
 Metaspace       used 116877K, capacity 120706K, committed 120968K, reserved 1155072K
  class space    used 14998K, capacity 16475K, committed 16512K, reserved 1048576K
}

