# JRE version: OpenJDK Runtime Environment (11.0.13) (build 11.0.13+0-b1751.21-8125866)
# Java VM: OpenJDK 64-Bit Server VM (11.0.13+0-b1751.21-8125866, mixed mode, tiered, compressed oops, g1 gc, windows-amd64)
Heap:
 garbage-first heap   total 315392K, used 255131K [0x0000000080000000, 0x0000000100000000)
  region size 1024K, 21 young (21504K), 3 survivors (3072K)
 Metaspace       used 231768K, capacity 238361K, committed 241028K, reserved 1257472K
  class space    used 30196K, capacity 32675K, committed 34176K, reserved 1048576K
GC Heap History (20 events):
Event: 1282.495 GC heap before
{Heap before GC invocations=113 (full 0):
 garbage-first heap   total 315392K, used 268326K [0x0000000080000000, 0x0000000100000000)
  region size 1024K, 38 young (38912K), 1 survivors (1024K)
 Metaspace       used 224825K, capacity 231295K, committed 234116K, reserved 1251328K
  class space    used 29387K, capacity 31804K, committed 33408K, reserved 1048576K
}
Event: 1282.497 GC heap after
{Heap after GC invocations=114 (full 0):
 garbage-first heap   total 315392K, used 230077K [0x0000000080000000, 0x0000000100000000)
  region size 1024K, 2 young (2048K), 2 survivors (2048K)
 Metaspace       used 224825K, capacity 231295K, committed 234116K, reserved 1251328K
  class space    used 29387K, capacity 31804K, committed 33408K, reserved 1048576K
}
Event: 1282.589 GC heap before
{Heap before GC invocations=114 (full 0):
 garbage-first heap   total 315392K, used 243389K [0x0000000080000000, 0x0000000100000000)
  region size 1024K, 15 young (15360K), 2 survivors (2048K)
 Metaspace       used 226158K, capacity 232660K, committed 235524K, reserved 1251328K
  class space    used 29556K, capacity 31977K, committed 33536K, reserved 1048576K
}
Event: 1282.592 GC heap after
{Heap after GC invocations=115 (full 0):
 garbage-first heap   total 315392K, used 230447K [0x0000000080000000, 0x0000000100000000)
  region size 1024K, 1 young (1024K), 1 survivors (1024K)
 Metaspace       used 226158K, capacity 232660K, committed 235524K, reserved 1251328K
  class space    used 29556K, capacity 31977K, committed 33536K, reserved 1048576K
}
Event: 1283.130 GC heap before
{Heap before GC invocations=115 (full 0):
 garbage-first heap   total 315392K, used 241711K [0x0000000080000000, 0x0000000100000000)
  region size 1024K, 14 young (14336K), 1 survivors (1024K)
 Metaspace       used 227024K, capacity 233538K, committed 236420K, reserved 1253376K
  class space    used 29666K, capacity 32054K, committed 33664K, reserved 1048576K
}
Event: 1283.132 GC heap after
{Heap after GC invocations=116 (full 0):
 garbage-first heap   total 315392K, used 231330K [0x0000000080000000, 0x0000000100000000)
  region size 1024K, 2 young (2048K), 2 survivors (2048K)
 Metaspace       used 227024K, capacity 233538K, committed 236420K, reserved 1253376K
  class space    used 29666K, capacity 32054K, committed 33664K, reserved 1048576K
}
Event: 1283.270 GC heap before
{Heap before GC invocations=117 (full 0):
 garbage-first heap   total 315392K, used 263074K [0x0000000080000000, 0x0000000100000000)
  region size 1024K, 32 young (32768K), 2 survivors (2048K)
 Metaspace       used 227444K, capacity 234018K, committed 236932K, reserved 1253376K
  class space    used 29687K, capacity 32086K, committed 33664K, reserved 1048576K
}
Event: 1283.272 GC heap after
{Heap after GC invocations=118 (full 0):
 garbage-first heap   total 315392K, used 236305K [0x0000000080000000, 0x0000000100000000)
  region size 1024K, 4 young (4096K), 4 survivors (4096K)
 Metaspace       used 227444K, capacity 234018K, committed 236932K, reserved 1253376K
  class space    used 29687K, capacity 32086K, committed 33664K, reserved 1048576K
}
Event: 1283.301 GC heap before
{Heap before GC invocations=118 (full 0):
 garbage-first heap   total 315392K, used 247569K [0x0000000080000000, 0x0000000100000000)
  region size 1024K, 15 young (15360K), 4 survivors (4096K)
 Metaspace       used 227449K, capacity 234018K, committed 236932K, reserved 1253376K
  class space    used 29687K, capacity 32086K, committed 33664K, reserved 1048576K
}
Event: 1283.305 GC heap after
{Heap after GC invocations=119 (full 0):
 garbage-first heap   total 315392K, used 236363K [0x0000000080000000, 0x0000000100000000)
  region size 1024K, 1 young (1024K), 1 survivors (1024K)
 Metaspace       used 227449K, capacity 234018K, committed 236932K, reserved 1253376K
  class space    used 29687K, capacity 32086K, committed 33664K, reserved 1048576K
}
Event: 1283.376 GC heap before
{Heap before GC invocations=119 (full 0):
 garbage-first heap   total 315392K, used 264011K [0x0000000080000000, 0x0000000100000000)
  region size 1024K, 29 young (29696K), 1 survivors (1024K)
 Metaspace       used 227450K, capacity 234018K, committed 236932K, reserved 1253376K
  class space    used 29687K, capacity 32086K, committed 33664K, reserved 1048576K
}
Event: 1283.378 GC heap after
{Heap after GC invocations=120 (full 0):
 garbage-first heap   total 315392K, used 236067K [0x0000000080000000, 0x0000000100000000)
  region size 1024K, 1 young (1024K), 1 survivors (1024K)
 Metaspace       used 227450K, capacity 234018K, committed 236932K, reserved 1253376K
  class space    used 29687K, capacity 32086K, committed 33664K, reserved 1048576K
}
Event: 1283.486 GC heap before
{Heap before GC invocations=120 (full 0):
 garbage-first heap   total 315392K, used 266787K [0x0000000080000000, 0x0000000100000000)
  region size 1024K, 31 young (31744K), 1 survivors (1024K)
 Metaspace       used 227451K, capacity 234018K, committed 236932K, reserved 1253376K
  class space    used 29687K, capacity 32086K, committed 33664K, reserved 1048576K
}
Event: 1283.488 GC heap after
{Heap after GC invocations=121 (full 0):
 garbage-first heap   total 315392K, used 236270K [0x0000000080000000, 0x0000000100000000)
  region size 1024K, 1 young (1024K), 1 survivors (1024K)
 Metaspace       used 227451K, capacity 234018K, committed 236932K, reserved 1253376K
  class space    used 29687K, capacity 32086K, committed 33664K, reserved 1048576K
}
Event: 1283.565 GC heap before
{Heap before GC invocations=122 (full 0):
 garbage-first heap   total 315392K, used 269038K [0x0000000080000000, 0x0000000100000000)
  region size 1024K, 33 young (33792K), 1 survivors (1024K)
 Metaspace       used 227452K, capacity 234018K, committed 236932K, reserved 1253376K
  class space    used 29687K, capacity 32086K, committed 33664K, reserved 1048576K
}
Event: 1283.565 GC heap after
{Heap after GC invocations=123 (full 0):
 garbage-first heap   total 315392K, used 236120K [0x0000000080000000, 0x0000000100000000)
  region size 1024K, 1 young (1024K), 1 survivors (1024K)
 Metaspace       used 227452K, capacity 234018K, committed 236932K, reserved 1253376K
  class space    used 29687K, capacity 32086K, committed 33664K, reserved 1048576K
}
Event: 1283.627 GC heap before
{Heap before GC invocations=123 (full 0):
 garbage-first heap   total 315392K, used 269912K [0x0000000080000000, 0x0000000100000000)
  region size 1024K, 34 young (34816K), 1 survivors (1024K)
 Metaspace       used 227461K, capacity 234018K, committed 236932K, reserved 1253376K
  class space    used 29687K, capacity 32086K, committed 33664K, reserved 1048576K
}
Event: 1283.630 GC heap after
{Heap after GC invocations=124 (full 0):
 garbage-first heap   total 315392K, used 236209K [0x0000000080000000, 0x0000000100000000)
  region size 1024K, 1 young (1024K), 1 survivors (1024K)
 Metaspace       used 227461K, capacity 234018K, committed 236932K, reserved 1253376K
  class space    used 29687K, capacity 32086K, committed 33664K, reserved 1048576K
}
Event: 1283.738 GC heap before
{Heap before GC invocations=124 (full 0):
 garbage-first heap   total 315392K, used 272049K [0x0000000080000000, 0x0000000100000000)
  region size 1024K, 36 young (36864K), 1 survivors (1024K)
 Metaspace       used 227463K, capacity 234018K, committed 236932K, reserved 1253376K
  class space    used 29688K, capacity 32086K, committed 33664K, reserved 1048576K
}
Event: 1283.740 GC heap after
{Heap after GC invocations=125 (full 0):
 garbage-first heap   total 315392K, used 236279K [0x0000000080000000, 0x0000000100000000)
  region size 1024K, 1 young (1024K), 1 survivors (1024K)
 Metaspace       used 227463K, capacity 234018K, committed 236932K, reserved 1253376K
  class space    used 29688K, capacity 32086K, committed 33664K, reserved 1048576K
}

